{"/home/faraz/Documents/NAMASTE REACT COURCE NOTES/my-react-app/src/components/Contact.jsx": {"path":"/home/faraz/Documents/NAMASTE REACT COURCE NOTES/my-react-app/src/components/Contact.jsx","statementMap":{"0":{"start":{"line":4,"column":2},"end":{"line":13,"column":4}}},"fnMap":{"0":{"name":"Contact","decl":{"start":{"line":3,"column":9},"end":{"line":3,"column":16}},"loc":{"start":{"line":3,"column":19},"end":{"line":14,"column":1}},"line":3}},"branchMap":{},"s":{"0":2},"f":{"0":2},"b":{},"_coverageSchema":"1a1c01bbd47fc00a2c39e90264f33305004495a9","hash":"638270845cf0c1059750d4c9163c420449a28a85"}
,"/home/faraz/Documents/NAMASTE REACT COURCE NOTES/my-react-app/src/components/sum.js": {"path":"/home/faraz/Documents/NAMASTE REACT COURCE NOTES/my-react-app/src/components/sum.js","statementMap":{"0":{"start":{"line":1,"column":19},"end":{"line":3,"column":1}},"1":{"start":{"line":2,"column":2},"end":{"line":2,"column":15}}},"fnMap":{"0":{"name":"(anonymous_0)","decl":{"start":{"line":1,"column":19},"end":{"line":1,"column":20}},"loc":{"start":{"line":1,"column":29},"end":{"line":3,"column":1}},"line":1}},"branchMap":{},"s":{"0":1,"1":1},"f":{"0":1},"b":{},"_coverageSchema":"1a1c01bbd47fc00a2c39e90264f33305004495a9","hash":"103c41649242287b0dd1d56be26ce934896775ec"}
}
